Livro adicionado: OL26412853W; Not Nice; Dr Aziz Gazipura; 2017
Livro adicionado: OL19358904W; How Asia Works: Success and Failure in the World's Most Dynamic Region; Joe Studwe
Livro adicionado: OL20006331W; Strange tools; Alva Noë; 2015
Livro adicionado: OL24321939W; The Liberation of Sita; Volga; 2016
Livro adicionado: OL8665341W; Making Space; Matrix; 1984
Livro adicionado: OL4087542W; Discrimination by design; Leslie Weisman; 1992
Livro adicionado: OL35858291W; Hidden Potential; Adam Grant; 2023
Livro adicionado: OL20790529W; The Ages of Globalization; Jeffrey D. Sachs; 2020
Livro adicionado: OL8201268W; Scattered; Gabor Maté; 1999
Livro adicionado: OL275357W; Think on These Things; Jiddu Krishnamurti; 1964
Livro adicionado: OL20769715W; Race in America; Matthew Desmond; 2015
Livro adicionado: OL28357053W; Poverty
Livro adicionado: OL98127W; Twilight of the Idols and The Antichrist; Friedrich Nietzsche; 1969
Livro adicionado: OL2691723W; Comprehension; Walter Kintsch; 1998
Livro adicionado: OL1618837W; Schooling in Capitalist America; Samuel S. Bowles; 1976
Livro adicionado: OL8004810W; Inventing Temperature; Hasok Chang; 2004
Livro adicionado: OL19994864W; Chasing the scream; Johann Hari; 2015
Livro adicionado: OL4807908W; Robert A. Heinlein; J. Daniel Gifford; 2000
Livro adicionado: OL18878191W; Industrializing knowledge; Lewis M. Branscomb; 1999
Livro adicionado: OL16700318W; The Signal and the Noise; Nate Silver; 2012
Livro adicionado: OL20908441W; Culture Warlords; Talia Lavin; 2020
Livro adicionado: OL8908351W; Seeing Nature; Paul Krafel; 1999
Livro adicionado: OL19969724W; Scarcity; Sendhil Mullainathan; 2013
Livro adicionado: OL45913W; Codependent No More and Beyond Codependency; Melody Beattie; 1989
Livro adicionado: OL15058799W; The Art of Community; Jono Bacon; 2009
Livro adicionado: OL19982879W; The Culture Map; Erin Meyer; 2014
Livro adicionado: OL872932W; Siddhartha; Hermann Hesse; 1922
Livro adicionado: OL28480W; Boundaries; Henry Cloud; 1992
Livro adicionado: OL16809803W; The Goldfinch; Donna Tartt; 2013
Livro adicionado: OL4650730W; Toyota production system; Taiichi Ōno; 1988
Livro adicionado: OL7989576W; The White Man's Burden; William Russell Easterly; 2006
Livro adicionado: OL13758524W; Dead aid; Dambisa Moyo; 2009
Livro adicionado: OL15916469W; The beginning of infinity; Deutsch
Livro adicionado: OL25454697W; Active Inference; Thomas Parr; 2022
Livro adicionado: OL20050042W; How not to hate your husband after kids; Jancee Dunn; 2017
Livro adicionado: OL15521255W; Selfish reasons to have more kids; Bryan Caplan; 2011
Livro adicionado: OL27852587W; Book of Boundaries; Melissa Urban; 2022
Livro adicionado: OL6689161W; Medieval technology and social change; Lynn Townsend White; 1962
Livro adicionado: OL1753902W; The lives of a cell; Lewis Thomas; 1974
Livro adicionado: OL27203W; The Four Agreements; Don Miguel Ruiz; 1997
Livro adicionado: OL17319280W; Superintelligence; Nick Bostrom; 2014
Livro adicionado: OL17591698W; The Inevitable; Kevin Kelly; 2016
Livro adicionado: OL112183W; The evolution of useful things; Henry Petroski; 1992
Livro adicionado: OL19987522W; Black hole focus; Isaiah Hankel; 2014
Livro adicionado: OL1952087W; Out of control; Kevin Kelly; 1994
Livro adicionado: OL26876258W; Good Inside; Becky Kennedy; 2022
Livro adicionado: OL20924654W; Working Backwards; Colin Bryar; 2021
Livro adicionado: OL59863W; The Dispossessed; Ursula K. Le Guin; 1974
Livro adicionado: OL731663W; The Fountainhead; Ayn Rand; 1943
Livro adicionado: OL20652336W; Hood Feminism; Mikki Kendall; 2020
Livro adicionado: OL15297392W; The Shallows; Nicholas Carr; 2010
Livro adicionado: OL25315563W; Genesis of Technoscientific Revolutions; Venkatesh Narayanamurti; 2021
Livro adicionado: OL19350614W; In the Light of What We Know; Zia Haider Rahman; 2014
Livro adicionado: OL20006178W; Adult children of emotionally immature parents; Lindsay C. Gibson; 2015
Livro adicionado: OL16465202W; The 4 disciplines of execution; Chris McChesney; 2012
Livro adicionado: OL17754998W; The divide; Matt Taibbi; 2014
Livro adicionado: OL20870888W; Bronze Age Mindset; Bronze Age Pervert; 2018
Livro adicionado: OL731735W; Atlas Shrugged; Ayn Rand; 1936
Livro adicionado: OL1837566W; Getting to yes; Roger Drummer Fisher; 1981
Livro adicionado: OL24410778W; Immune; Philipp Dettmer; 2021
Livro adicionado: OL20592197W; Japan's Imperial Underworlds; David R. Ambaras; 2018
Livro adicionado: OL8423528W; Made to stick; Chip Heath; 2007
Livro adicionado: OL20732649W; Why Fish Don't Exist; Lulu Miller; 2020
Livro adicionado: OL20836893W; The Tyranny of Merit; Michael J. Sandel; 2020
Livro adicionado: OL19972018W; On Aristotle; Alan Ryan; 2013
Livro adicionado: OL3875876W; Dick Gregory's political primer; Dick Gregory; 1972
Livro adicionado: OL20803380W; Range; David Epstein; 2019
Livro adicionado: OL20159801W; How to Change Your Mind; Michael Pollan; 2018
Livro adicionado: OL20827527W; Ghost Work; Mary L. Gray; 2019
Livro adicionado: OL21583006W; Digital_Humanities; Anne Burdick; 2012
Livro adicionado: OL20168133W; Why We Sleep; Matthew P. Walker; 2017
Livro adicionado: OL52183W; World brain; H. G. Wells; 1938
Livro adicionado: OL15895374W; Good faith collaboration; Joseph Michael Reagle; 2010
Livro adicionado: OL3460495W; The matrix; John S. Quarterman; 1989
Livro adicionado: OL15455353W; Too much to know; Ann Blair; 2010
Livro adicionado: OL19664112W; The Coddling of the American Mind; Greg Lukianoff; 2018
Livro adicionado: OL4291077W; Bowling Alone; Robert D. Putnam; 2000
Livro adicionado: OL21640039W; The Psychology of Money; Morgan Housel; 2020
Livro adicionado: OL3296482W; In Defense of Food; Michael Pollan; 2008
Livro adicionado: OL17923653W; The Wizard and the Prophet; Charles C. Mann; 2018
Livro adicionado: OL19762051W; Decolonizing wealth; Edgar Villanueva; 2018
Livro adicionado: OL21177673W; Lessons from the Titans; Scott Davis; 2020
Livro adicionado: OL15992072W; Thinking
Livro adicionado: OL2444627W; Spiel; Manfred Eigen; 1980
Livro adicionado: OL24182444W; The Cold Start Problem; Andrew Chen; 2021
Livro adicionado: OL18147687W; The Body Keeps the Score; Bessel A. Van Der Kolk; 2014
Livro adicionado: OL15568568W; Sex at Dawn; Christopher Ryan; 2010
Livro adicionado: OL1924300W; Sex and reason; Richard A. Posner; 1992
Livro adicionado: OL86320W; Dubliners; James Joyce; 1914
Livro adicionado: OL2624319W; Killing the black body; Dorothy E. Roberts; 1997
Livro adicionado: OL21299028W; Are We Smart Enough to Know How Smart Animals Are?; Frans De Waal; 2016
Livro adicionado: OL21725913W; Trust and Reciprocity; Elinor Ostrom; 2003
Livro adicionado: OL5702124W; Fordlandia; Greg Grandin; 2009
Livro adicionado: OL16568840W; The Righteous Mind; Jonathan Haidt; 2012
Livro adicionado: OL17674242W; The lost books of the Odyssey; Zachary Mason; 2010
Livro adicionado: OL3521966W; Stand on Zanzibar; John Brunner; 1968
Livro adicionado: OL18178951W; Skunk Works : a personal memoir of my years at Lockheed; Ben R. Rich; 1996
Livro adicionado: OL3737036W; Thinking in systems; Donella H. Meadows; 2008
Livro adicionado: OL4466409W; The order of evils; Adi Ophir; 2004
Livro emprestado: OL4466409W; The order of evils; Adi Ophir; 2004
Livro emprestado: OL3737036W; Thinking in systems; Donella H. Meadows; 2008
Livro encontrado: OL3737036W; Thinking in systems; Donella H. Meadows; 2008, , , 0, Disponível: 0
Livro devolvido: OL3737036W; Thinking in systems; Donella H. Meadows; 2008
Livro encontrado: OL3737036W; Thinking in systems; Donella H. Meadows; 2008, , , 0, Disponível: 1
Livro encontrado: OL3737036W; Thinking in systems; Donella H. Meadows; 2008, , , 0, Disponível: 1
Livro encontrado: OL3737036W; Thinking in systems; Donella H. Meadows; 2008, , , 0, Disponível: 1
Livro já está emprestado: OL4466409W; The order of evils; Adi Ophir; 2004
