Livro adicionado: OL16568759W; Why Nations Fail; Daron Acemoglu; 2012
Livro adicionado: OL2619508W; The Inner Game of Tennis; W. Timothy Gallwey; 1834
Livro adicionado: OL17112978W; The Knowledge; Lewis Dartnell; 2014
Livro adicionado: OL1968368W; The 48 Laws of Power; Robert Greene; 1998
Livro adicionado: OL17828326W; Evicted; Matthew Desmond; 2016
Livro adicionado: OL25282892W; Library; Arthur der Weduwen; 2021
Livro adicionado: OL17606421W; Cataloging the world; Alex Wright; 2014
Livro adicionado: OL514629W; Surely You're Joking
Livro adicionado: OL38499W; The Diamond Age; Neal Stephenson; 1995
Livro adicionado: OL3525828W; The anatomy of racial inequality; Glenn C. Loury; 2002
Livro adicionado: OL107928W; The consolations of philosophy; Alain De Botton; 2000
Livro adicionado: OL1086528W; Essais; Michel de Montaigne; 1600
Livro adicionado: OL2018966W; Nonviolent Communication; Marshall B. Rosenberg; 1999
Livro adicionado: OL15162501W; Mandarin Chinese; Lexus (Firm); 1999
Livro adicionado: OL8396705W; The Secret of Apollo; Stephen B. Johnson; 2002
Livro adicionado: OL6225613W; The Mastery and Uses of Fire in Antiquity; J. E. Rehder; 2000
Livro adicionado: OL716850W; G√∂del
Livro adicionado: OL17357767W; Algorithms to Live By; Brian Christian; 2016
Livro encontrado: OL17606421W; Cataloging the world; Alex Wright; 2014, , , 0, Dispon√≠vel: 1
Livro encontrado: OL16568759W; Why Nations Fail; Daron Acemoglu; 2012, v'≤, neDrive\¡rea de Trabalho, 1869114465, Dispon√≠vel: 1
