Livro adicionado: OL29969W; Impro; Keith Johnstone; 1979
Livro adicionado: OL257943W; A Game of Thrones; George R. R. Martin; 1996
Livro adicionado: OL9302660W; Predictably Irrational; Dan Ariely; 2008
Livro adicionado: OL2990495W; The Last Man Who Knew Everything; Andrew Robinson; 2005
Livro adicionado: OL483391W; Charlotte's Web; E. B. White; 1952
Livro adicionado: OL16929630W; Attached; Amir Levine; 2010
Livro adicionado: OL19791590W; Maybe You Should Talk to Someone; Lori Gottlieb; 2019
Livro adicionado: OL26492W; Autobiography; Benjamin Franklin; 1791
Livro adicionado: OL15860754W; The Missing Piece Meets the Big O; Shel Silverstein; 1981
Livro adicionado: OL17141552W; Doing Good Better; William MacAskill; 2015
Livro adicionado: OL60358W; Common Sense; Thomas Paine; 1776
Livro adicionado: OL15118227W; The Master Switch; Tim Wu; 2010
Livro adicionado: OL27513W; The fellowship of the ring; J.R.R. Tolkien; 1954
Livro adicionado: OL999053W; The Wave; Todd Strasser; 1981
Livro adicionado: OL3368288W; The Giving Tree; Shel Silverstein; 1964
Livro adicionado: OL3509433W; Compilers
Livro adicionado: OL23204W; Of Mice and Men; John Steinbeck; 1937
Livro adicionado: OL8733966W; The Art of War: Text and Commentary; Sallie Stone; 2005
Livro adicionado: OL2927329W; Introduction to the Theory of Computation; Michael Sipser; 2005
Livro adicionado: OL82560W; Harry Potter and the Goblet of Fire; J. K. Rowling; 1993
Livro adicionado: OL17740618W; Downsiders; Neal Shusterman; 2001
Livro adicionado: OL2896994W; Artificial intelligence; Stuart J. Russell; 1994
Livro adicionado: OL266178W; Het Achterhuis; Anne Frank; 1944
Livro adicionado: OL1898308W; Green Eggs and Ham; Dr. Seuss; 1960
Livro adicionado: OL82565W; Harry Potter and the Half-Blood Prince; J. K. Rowling; 2005
Livro adicionado: OL3335245W; The Catcher in the Rye; J. D. Salinger; 1900
Livro adicionado: OL1209288W; Im Westen nichts Neues; Erich Maria Remarque; 1928
Livro adicionado: OL23172W; Novels (Cannery Row / Of Mice and Men); John Steinbeck; 1947
Livro adicionado: OL45846W; Matilda; Roald Dahl; 1988
Livro adicionado: OL1954398W; Downsiders; Neal Shusterman; 1999
Livro adicionado: OL9443158W; Voices from the Paterson Silk Mills (Voices of America); Jane Wallerstein; 2000
Livro adicionado: OL15936512W; Ready Player One; Ernest Cline; 2008
Livro adicionado: OL2927330W; Introduction to the theory of computation; Michael Sipser; 1996
Livro adicionado: OL19085349W; Risk up front; Adam Josephs; 2018
Livro adicionado: OL74128W; A short history of nearly everything; Bill Bryson; 2003
Livro adicionado: OL17925029W; Drawdown; Paul Hawken; 2017
Livro adicionado: OL4295715W; Musical acoustics; Hall
Livro adicionado: OL1854541W; Operating System Concepts; Abraham Silberschatz; 1988
Livro adicionado: OL3099646W; Network security; Charlie Kaufman; 1995
Livro adicionado: OL16063674W; Founders at work; Jessica Livingston; 2007
Livro adicionado: OL3285486W; Introduction to linear algebra; Gilbert Strang; 1998
Livro adicionado: OL16918214W; Introduction to linear algebra; Gilbert Strang; None
Livro adicionado: OL3947083W; Understanding Symbolic Logic; Virginia Klenk; 1983
Livro adicionado: OL15483476W; Cornered; Barry C. Lynn; 2010
Livro adicionado: OL15021794W; The prince
Livro adicionado: OL36287W; Le Comte de Monte Cristo; Alexandre Dumas; 1830
Livro adicionado: OL17710110W; On Tyranny; Timothy Snyder; 2017
Livro adicionado: OL278851W; The Art of War; Sun Tzu; 1910
Livro adicionado: OL41491W; Many Waters (Time Quintet #4); Madeleine L'Engle; 1986
Livro adicionado: OL17351743W; Harry Potter and the Methods of Rationality; Eliezer Yudkowsky; 2015
Livro adicionado: OL496629W; Which side are you on?; Thomas Geoghegan; 1991
Livro adicionado: OL16801714W; Who Owns the Future?; Jaron Lanier; 2013
Livro adicionado: OL16821476W; Reinventing Organizations; Frederic Laloux; 2014
Livro adicionado: OL1892671W; The 22 immutable laws of marketing; Al Ries; 1993
Livro adicionado: OL16239379W; The better angels of our nature; Steven Pinker; 2011
Livro adicionado: OL14909099W; Debt; David Graeber; 2011
Livro adicionado: OL3902892W; Influence; Robert B. Cialdini; 1983
Livro adicionado: OL455327W; Lord of Flies; William Golding; 1954
Livro adicionado: OL2651494W; Moral mazes; Robert Jackall; 1988
Livro adicionado: OL71716W; Understanding Power; Noam Chomsky; 2002
Livro adicionado: OL82548W; Harry Potter and the Order of the Phoenix; J. K. Rowling; 2003
Livro adicionado: OL27482W; The Hobbit; J.R.R. Tolkien; 1937
Livro adicionado: OL1089297W; The Prince; Niccol√≤ Machiavelli; 1515
Livro adicionado: OL82563W; Harry Potter and the Philosopher's Stone; J. K. Rowling; 1997
Livro adicionado: OL15861476W; Glut; Alex Wright; 2007
Livro adicionado: OL1063267W; How to Win Friends and Influence People; Dale Carnegie; 1913
Livro adicionado: OL827357W; Zen and the Art of Motorcycle Maintenance; Robert M. Pirsig; 1974
Livro adicionado: OL3004222W; The authoritative Calvin and Hobbes; Bill Watterson; 1988
Livro adicionado: OL1846076W; The Giver; Lois Lowry; 1993
Livro adicionado: OL4291646W; Sam Walton; Sam Walton; 1992
Livro adicionado: OL516689W; The Legacy; R. A. Salvatore; 1992
Livro adicionado: OL4439701W; The now habit; Neil Fiore; 1988
Livro adicionado: OL516736W; The Lone Drow; R. A. Salvatore; 2003
Livro adicionado: OL15436462W; The Checklist Manifesto; Atul Gawande; 2010
Livro adicionado: OL41492W; A Swiftly Tilting Planet (Time Quintet #3); Madeleine L'Engle; 1978
Livro adicionado: OL9388635W; The Hyperlinked Society; Lokman Tsui; 2008
Livro adicionado: OL6306701W; William Golding's Lord of the flies; F. William Nelson; 1963
Livro adicionado: OL3743769W; Jumanji; Chris Van Allsburg; 1981
Livro adicionado: OL8125760W; Hatchet; Gary Paulsen; 1986
Livro adicionado: OL17804362W; Principles; Ray Dalio; 2011
Livro adicionado: OL1168007W; Animal Farm; George Orwell; 1945
Livro adicionado: OL82536W; Harry Potter and the Prisoner of Azkaban; J. K. Rowling; 1999
Livro adicionado: OL516773W; Streams of Silver; R. A. Salvatore; 1989
Livro adicionado: OL516675W; The Demon Apostle; R. A. Salvatore; 1999
Livro adicionado: OL516695W; The Demon Spirit; R. A. Salvatore; 1998
Livro adicionado: OL516825W; The Highwayman; R. A. Salvatore; 2004
Livro adicionado: OL4975846W; Assata; Assata Shakur; 1987
Livro adicionado: OL2355834W; High Output Management; Andrew S. Grove; 1983
Livro adicionado: OL516728W; The Crystal Shard; R. A. Salvatore; 1988
Livro adicionado: OL516812W; Exile; R. A. Salvatore; 1990
Livro adicionado: OL15692287W; Animalia; Graeme Base; 1986
Livro encontrado: OL516728W; The Crystal Shard; R. A. Salvatore; 1988, , , 0, Dispon√≠vel: 1
Livro encontrado: OL29969W; Impro; Keith Johnstone; 1979, v'Ü, neDrive\¡rea de Trabalho, 1869114465, Dispon√≠vel: 1
Livro encontrado: OL257943W; A Game of Thrones; George R. R. Martin; 1996, , , 0, Dispon√≠vel: 1
Livro encontrado: OL9302660W; Predictably Irrational; Dan Ariely; 2008, , , 0, Dispon√≠vel: 1
Livro encontrado: OL2990495W; The Last Man Who Knew Everything; Andrew Robinson; 2005, , , 0, Dispon√≠vel: 1
Livro encontrado: OL483391W; Charlotte's Web; E. B. White; 1952, , , 0, Dispon√≠vel: 1
Livro encontrado: OL27482W; The Hobbit; J.R.R. Tolkien; 1937, , , 0, Dispon√≠vel: 1
Livro encontrado: OL27513W; The fellowship of the ring; J.R.R. Tolkien; 1954, , , 0, Dispon√≠vel: 1
Livro encontrado: OL82536W; Harry Potter and the Prisoner of Azkaban; J. K. Rowling; 1999, , , 0, Dispon√≠vel: 1
Livro encontrado: OL82563W; Harry Potter and the Philosopher's Stone; J. K. Rowling; 1997, , , 0, Dispon√≠vel: 1
Livro encontrado: OL82548W; Harry Potter and the Order of the Phoenix; J. K. Rowling; 2003, , , 0, Dispon√≠vel: 1
Livro encontrado: OL82565W; Harry Potter and the Half-Blood Prince; J. K. Rowling; 2005, , , 0, Dispon√≠vel: 1
Livro encontrado: OL82560W; Harry Potter and the Goblet of Fire; J. K. Rowling; 1993, , , 0, Dispon√≠vel: 1
Livro encontrado: OL27482W; The Hobbit; J.R.R. Tolkien; 1937, , , 0, Dispon√≠vel: 1
Livro encontrado: OL27513W; The fellowship of the ring; J.R.R. Tolkien; 1954, , , 0, Dispon√≠vel: 1
